{
  "stats": {
    "suites": 1,
    "tests": 5,
    "passes": 5,
    "pending": 0,
    "failures": 0,
    "start": "2024-05-06T06:56:53.767Z",
    "end": "2024-05-06T06:57:17.909Z",
    "duration": 24142,
    "testsRegistered": 5,
    "passPercent": 100,
    "pendingPercent": 0,
    "other": 0,
    "hasOther": false,
    "skipped": 0,
    "hasSkipped": false
  },
  "results": [
    {
      "uuid": "9a07b56b-6323-4341-896a-6c6010634458",
      "title": "",
      "fullFile": "C:\\Users\\HANIA BATOOL\\TODO-AUTOMATION\\test\\testtodo.js",
      "file": "\\test\\testtodo.js",
      "beforeHooks": [],
      "afterHooks": [],
      "tests": [],
      "suites": [
        {
          "uuid": "27f7dd7d-655d-4d96-9a54-4ed049001b57",
          "title": "To-do List Automation",
          "fullFile": "C:\\Users\\HANIA BATOOL\\TODO-AUTOMATION\\test\\testtodo.js",
          "file": "\\test\\testtodo.js",
          "beforeHooks": [
            {
              "title": "\"before all\" hook in \"To-do List Automation\"",
              "fullTitle": "To-do List Automation \"before all\" hook in \"To-do List Automation\"",
              "timedOut": false,
              "duration": 5145,
              "state": null,
              "speed": null,
              "pass": false,
              "fail": false,
              "pending": false,
              "context": null,
              "code": "driver = await new Builder().forBrowser('chrome').build();",
              "err": {},
              "uuid": "adc71a25-e9b2-4127-88e4-f06b2947c557",
              "parentUUID": "27f7dd7d-655d-4d96-9a54-4ed049001b57",
              "isHook": true,
              "skipped": false
            }
          ],
          "afterHooks": [
            {
              "title": "\"after all\" hook in \"To-do List Automation\"",
              "fullTitle": "To-do List Automation \"after all\" hook in \"To-do List Automation\"",
              "timedOut": false,
              "duration": 943,
              "state": null,
              "speed": null,
              "pass": false,
              "fail": false,
              "pending": false,
              "context": null,
              "code": "if (driver) {\n  try {\n    await driver.quit();\n  } catch (e) {\n    console.error('Error quitting WebDriver:', e);\n  }\n}",
              "err": {},
              "uuid": "ba31fd20-8038-4ce3-bb7e-f4dad75509b2",
              "parentUUID": "27f7dd7d-655d-4d96-9a54-4ed049001b57",
              "isHook": true,
              "skipped": false
            }
          ],
          "tests": [
            {
              "title": "IT SHOULD LOGIN",
              "fullTitle": "To-do List Automation IT SHOULD LOGIN",
              "timedOut": false,
              "duration": 9491,
              "state": "passed",
              "speed": "slow",
              "pass": true,
              "fail": false,
              "pending": false,
              "context": null,
              "code": "this.timeout(20000);\nawait driver.get('https://ahmed-todo.netlify.app/login.html');\nawait driver.findElement(By.css('#loginEmail')).sendKeys('ahmed829b@gmail.com');\nawait driver.findElement(By.css('#loginPassword')).sendKeys('Mahmed3222');\nawait driver.findElement(By.css('#loginBtn')).click();\nawait driver.wait(until.urlIs('https://ahmed-todo.netlify.app/index.html'), 20000);",
              "err": {},
              "uuid": "c30957f9-5fcd-4fab-bdcd-323b129ddeb4",
              "parentUUID": "27f7dd7d-655d-4d96-9a54-4ed049001b57",
              "isHook": false,
              "skipped": false
            },
            {
              "title": "IT SHOULD ADD A TASK",
              "fullTitle": "To-do List Automation IT SHOULD ADD A TASK",
              "timedOut": false,
              "duration": 1140,
              "state": "passed",
              "speed": "slow",
              "pass": true,
              "fail": false,
              "pending": false,
              "context": null,
              "code": "await driver.get('https://ahmed-todo.netlify.app/index.html');\nawait driver.findElement(By.css('#new-task')).sendKeys('GO TO COLLEGE');\nawait driver.findElement(By.css('#addBtn')).click();",
              "err": {},
              "uuid": "ecef3042-d6d5-4911-b8e1-9f5856b847af",
              "parentUUID": "27f7dd7d-655d-4d96-9a54-4ed049001b57",
              "isHook": false,
              "skipped": false
            },
            {
              "title": "IT SHOULD CLICK ON A TASK AND MARK IT AS COMPLETE",
              "fullTitle": "To-do List Automation IT SHOULD CLICK ON A TASK AND MARK IT AS COMPLETE",
              "timedOut": false,
              "duration": 3508,
              "state": "passed",
              "speed": "slow",
              "pass": true,
              "fail": false,
              "pending": false,
              "context": null,
              "code": "await driver.get('https://ahmed-todo.netlify.app/index.html');\nawait driver.wait(until.elementsLocated(By.css('.task-text')), 10000);\nconst taskElements = await driver.findElements(By.css('.task-text'));\nif (taskElements.length > 0) {\n  const firstTaskElement = taskElements[0];\n  await firstTaskElement.click();\n} else {\n  throw new Error('No tasks found');\n}",
              "err": {},
              "uuid": "436de1f1-7c8b-4c28-a623-6776cefafc06",
              "parentUUID": "27f7dd7d-655d-4d96-9a54-4ed049001b57",
              "isHook": false,
              "skipped": false
            },
            {
              "title": "IT SHOULD DELETE A TASK",
              "fullTitle": "To-do List Automation IT SHOULD DELETE A TASK",
              "timedOut": false,
              "duration": 2626,
              "state": "passed",
              "speed": "slow",
              "pass": true,
              "fail": false,
              "pending": false,
              "context": null,
              "code": "await driver.get('https://ahmed-todo.netlify.app/index.html');\nawait driver.wait(until.elementsLocated(By.css('.task-text')), 10000);\nconst deleteButton = await driver.findElement(By.css('#delbutton'));\nawait deleteButton.click();",
              "err": {},
              "uuid": "1dc3506c-adb2-4c6f-821c-e5ae10405a8e",
              "parentUUID": "27f7dd7d-655d-4d96-9a54-4ed049001b57",
              "isHook": false,
              "skipped": false
            },
            {
              "title": "IT SHOULD LOGOUT",
              "fullTitle": "To-do List Automation IT SHOULD LOGOUT",
              "timedOut": false,
              "duration": 1212,
              "state": "passed",
              "speed": "slow",
              "pass": true,
              "fail": false,
              "pending": false,
              "context": null,
              "code": "await driver.get('https://ahmed-todo.netlify.app/index.html');\nawait driver.findElement(By.css('#logout-btn')).click();",
              "err": {},
              "uuid": "8fbe5b74-3197-4e44-acab-bc7b6ad122aa",
              "parentUUID": "27f7dd7d-655d-4d96-9a54-4ed049001b57",
              "isHook": false,
              "skipped": false
            }
          ],
          "suites": [],
          "passes": [
            "c30957f9-5fcd-4fab-bdcd-323b129ddeb4",
            "ecef3042-d6d5-4911-b8e1-9f5856b847af",
            "436de1f1-7c8b-4c28-a623-6776cefafc06",
            "1dc3506c-adb2-4c6f-821c-e5ae10405a8e",
            "8fbe5b74-3197-4e44-acab-bc7b6ad122aa"
          ],
          "failures": [],
          "pending": [],
          "skipped": [],
          "duration": 17977,
          "root": false,
          "rootEmpty": false,
          "_timeout": 10000
        }
      ],
      "passes": [],
      "failures": [],
      "pending": [],
      "skipped": [],
      "duration": 0,
      "root": true,
      "rootEmpty": true,
      "_timeout": 10000
    }
  ],
  "meta": {
    "mocha": {
      "version": "10.4.0"
    },
    "mochawesome": {
      "options": {
        "quiet": false,
        "reportFilename": "mochawesome",
        "saveHtml": true,
        "saveJson": true,
        "consoleReporter": "spec",
        "useInlineDiffs": false,
        "code": true
      },
      "version": "7.1.3"
    },
    "marge": {
      "options": null,
      "version": "6.2.0"
    }
  }
}