{
  "stats": {
    "suites": 1,
    "tests": 5,
    "passes": 5,
    "pending": 0,
    "failures": 0,
    "start": "2024-05-08T05:58:52.257Z",
    "end": "2024-05-08T05:59:10.185Z",
    "duration": 17928,
    "testsRegistered": 5,
    "passPercent": 100,
    "pendingPercent": 0,
    "other": 0,
    "hasOther": false,
    "skipped": 0,
    "hasSkipped": false
  },
  "results": [
    {
      "uuid": "ab8425c9-ab64-487a-a294-9b64ec09472a",
      "title": "",
      "fullFile": "C:\\Users\\HANIA BATOOL\\TODO-AUTOMATION\\test\\testtodo.js",
      "file": "\\test\\testtodo.js",
      "beforeHooks": [],
      "afterHooks": [],
      "tests": [],
      "suites": [
        {
          "uuid": "00de4585-debb-4f68-8c59-f591fcf66da5",
          "title": "To-do List Automation",
          "fullFile": "C:\\Users\\HANIA BATOOL\\TODO-AUTOMATION\\test\\testtodo.js",
          "file": "\\test\\testtodo.js",
          "beforeHooks": [
            {
              "title": "\"before all\" hook in \"To-do List Automation\"",
              "fullTitle": "To-do List Automation \"before all\" hook in \"To-do List Automation\"",
              "timedOut": false,
              "duration": 5741,
              "state": null,
              "speed": null,
              "pass": false,
              "fail": false,
              "pending": false,
              "context": null,
              "code": "driver = await new Builder().forBrowser('chrome').build();",
              "err": {},
              "uuid": "38fe6e4b-968c-4fdb-8ccd-5c1fa7156556",
              "parentUUID": "00de4585-debb-4f68-8c59-f591fcf66da5",
              "isHook": true,
              "skipped": false
            }
          ],
          "afterHooks": [
            {
              "title": "\"after all\" hook in \"To-do List Automation\"",
              "fullTitle": "To-do List Automation \"after all\" hook in \"To-do List Automation\"",
              "timedOut": false,
              "duration": 206,
              "state": null,
              "speed": null,
              "pass": false,
              "fail": false,
              "pending": false,
              "context": null,
              "code": "if (driver) {\n  try {\n    await driver.quit();\n  } catch (e) {\n    console.error('Error quitting WebDriver:', e);\n  }\n}",
              "err": {},
              "uuid": "c05f6ff7-05c2-43f3-8961-93e2c2ca0f1c",
              "parentUUID": "00de4585-debb-4f68-8c59-f591fcf66da5",
              "isHook": true,
              "skipped": false
            }
          ],
          "tests": [
            {
              "title": "IT SHOULD LOGIN",
              "fullTitle": "To-do List Automation IT SHOULD LOGIN",
              "timedOut": false,
              "duration": 6423,
              "state": "passed",
              "speed": "slow",
              "pass": true,
              "fail": false,
              "pending": false,
              "context": null,
              "code": "this.timeout(20000);\nawait driver.get('https://ahmed-todo.netlify.app/login.html');\nawait driver.findElement(By.css('#loginEmail')).sendKeys('ahmed829b@gmail.com');\nawait driver.findElement(By.css('#loginPassword')).sendKeys('Mahmed3222');\nawait driver.findElement(By.css('#loginBtn')).click();\nawait driver.wait(until.urlIs('https://ahmed-todo.netlify.app/index.html'), 20000);",
              "err": {},
              "uuid": "a282a8ef-f1e4-48be-affc-e8b94e3af869",
              "parentUUID": "00de4585-debb-4f68-8c59-f591fcf66da5",
              "isHook": false,
              "skipped": false
            },
            {
              "title": "IT SHOULD ADD A TASK",
              "fullTitle": "To-do List Automation IT SHOULD ADD A TASK",
              "timedOut": false,
              "duration": 722,
              "state": "passed",
              "speed": "slow",
              "pass": true,
              "fail": false,
              "pending": false,
              "context": null,
              "code": "await driver.get('https://ahmed-todo.netlify.app/index.html');\nawait driver.findElement(By.css('#new-task')).sendKeys('GO TO COLLEGE');\nawait driver.findElement(By.css('#addBtn')).click();",
              "err": {},
              "uuid": "8b852654-5dbb-4cd8-ba88-4fcd2769e4a3",
              "parentUUID": "00de4585-debb-4f68-8c59-f591fcf66da5",
              "isHook": false,
              "skipped": false
            },
            {
              "title": "IT SHOULD CLICK ON A TASK AND MARK IT AS COMPLETE",
              "fullTitle": "To-do List Automation IT SHOULD CLICK ON A TASK AND MARK IT AS COMPLETE",
              "timedOut": false,
              "duration": 2590,
              "state": "passed",
              "speed": "slow",
              "pass": true,
              "fail": false,
              "pending": false,
              "context": null,
              "code": "await driver.get('https://ahmed-todo.netlify.app/index.html');\nawait driver.wait(until.elementsLocated(By.css('.task-text')), 10000);\nconst taskElements = await driver.findElements(By.css('.task-text'));\nif (taskElements.length > 0) {\n  const firstTaskElement = taskElements[0];\n  await firstTaskElement.click();\n} else {\n  throw new Error('No tasks found');\n}",
              "err": {},
              "uuid": "57d4ef10-2729-4c3f-9cf0-3f6fca0030df",
              "parentUUID": "00de4585-debb-4f68-8c59-f591fcf66da5",
              "isHook": false,
              "skipped": false
            },
            {
              "title": "IT SHOULD DELETE A TASK",
              "fullTitle": "To-do List Automation IT SHOULD DELETE A TASK",
              "timedOut": false,
              "duration": 1393,
              "state": "passed",
              "speed": "slow",
              "pass": true,
              "fail": false,
              "pending": false,
              "context": null,
              "code": "await driver.get('https://ahmed-todo.netlify.app/index.html');\nawait driver.wait(until.elementsLocated(By.css('.task-text')), 10000);\nconst deleteButton = await driver.findElement(By.css('#delbutton'));\nawait deleteButton.click();",
              "err": {},
              "uuid": "0671e94e-376e-4849-8a8b-d9e9fdc9f45e",
              "parentUUID": "00de4585-debb-4f68-8c59-f591fcf66da5",
              "isHook": false,
              "skipped": false
            },
            {
              "title": "IT SHOULD LOGOUT",
              "fullTitle": "To-do List Automation IT SHOULD LOGOUT",
              "timedOut": false,
              "duration": 818,
              "state": "passed",
              "speed": "slow",
              "pass": true,
              "fail": false,
              "pending": false,
              "context": null,
              "code": "await driver.get('https://ahmed-todo.netlify.app/index.html');\nawait driver.findElement(By.css('#logout-btn')).click();",
              "err": {},
              "uuid": "35eadd2a-746c-4714-9107-e1b3522dcd1b",
              "parentUUID": "00de4585-debb-4f68-8c59-f591fcf66da5",
              "isHook": false,
              "skipped": false
            }
          ],
          "suites": [],
          "passes": [
            "a282a8ef-f1e4-48be-affc-e8b94e3af869",
            "8b852654-5dbb-4cd8-ba88-4fcd2769e4a3",
            "57d4ef10-2729-4c3f-9cf0-3f6fca0030df",
            "0671e94e-376e-4849-8a8b-d9e9fdc9f45e",
            "35eadd2a-746c-4714-9107-e1b3522dcd1b"
          ],
          "failures": [],
          "pending": [],
          "skipped": [],
          "duration": 11946,
          "root": false,
          "rootEmpty": false,
          "_timeout": 10000
        }
      ],
      "passes": [],
      "failures": [],
      "pending": [],
      "skipped": [],
      "duration": 0,
      "root": true,
      "rootEmpty": true,
      "_timeout": 10000
    }
  ],
  "meta": {
    "mocha": {
      "version": "10.4.0"
    },
    "mochawesome": {
      "options": {
        "quiet": false,
        "reportFilename": "mochawesome",
        "saveHtml": true,
        "saveJson": true,
        "consoleReporter": "spec",
        "useInlineDiffs": false,
        "code": true
      },
      "version": "7.1.3"
    },
    "marge": {
      "options": null,
      "version": "6.2.0"
    }
  }
}