{
  "stats": {
    "suites": 1,
    "tests": 5,
    "passes": 5,
    "pending": 0,
    "failures": 0,
    "start": "2024-05-06T08:28:31.095Z",
    "end": "2024-05-06T08:29:04.432Z",
    "duration": 33337,
    "testsRegistered": 5,
    "passPercent": 100,
    "pendingPercent": 0,
    "other": 0,
    "hasOther": false,
    "skipped": 0,
    "hasSkipped": false
  },
  "results": [
    {
      "uuid": "f091d5e7-5f54-46aa-972f-5b7dca90950c",
      "title": "",
      "fullFile": "C:\\Users\\HANIA BATOOL\\TODO-AUTOMATION\\test\\testtodo.js",
      "file": "\\test\\testtodo.js",
      "beforeHooks": [],
      "afterHooks": [],
      "tests": [],
      "suites": [
        {
          "uuid": "829b0dc7-a7c2-4b98-b9e5-5e2b06e2f04b",
          "title": "To-do List Automation",
          "fullFile": "C:\\Users\\HANIA BATOOL\\TODO-AUTOMATION\\test\\testtodo.js",
          "file": "\\test\\testtodo.js",
          "beforeHooks": [
            {
              "title": "\"before all\" hook in \"To-do List Automation\"",
              "fullTitle": "To-do List Automation \"before all\" hook in \"To-do List Automation\"",
              "timedOut": false,
              "duration": 8417,
              "state": null,
              "speed": null,
              "pass": false,
              "fail": false,
              "pending": false,
              "context": null,
              "code": "driver = await new Builder().forBrowser('chrome').build();",
              "err": {},
              "uuid": "250baaab-98cd-4ad6-9a42-8a9c44d7e409",
              "parentUUID": "829b0dc7-a7c2-4b98-b9e5-5e2b06e2f04b",
              "isHook": true,
              "skipped": false
            }
          ],
          "afterHooks": [
            {
              "title": "\"after all\" hook in \"To-do List Automation\"",
              "fullTitle": "To-do List Automation \"after all\" hook in \"To-do List Automation\"",
              "timedOut": false,
              "duration": 790,
              "state": null,
              "speed": null,
              "pass": false,
              "fail": false,
              "pending": false,
              "context": null,
              "code": "if (driver) {\n  try {\n    await driver.quit();\n  } catch (e) {\n    console.error('Error quitting WebDriver:', e);\n  }\n}",
              "err": {},
              "uuid": "d49bb6a2-9872-4d38-864c-597d5ed6d53a",
              "parentUUID": "829b0dc7-a7c2-4b98-b9e5-5e2b06e2f04b",
              "isHook": true,
              "skipped": false
            }
          ],
          "tests": [
            {
              "title": "IT SHOULD LOGIN",
              "fullTitle": "To-do List Automation IT SHOULD LOGIN",
              "timedOut": false,
              "duration": 14379,
              "state": "passed",
              "speed": "slow",
              "pass": true,
              "fail": false,
              "pending": false,
              "context": null,
              "code": "this.timeout(20000);\nawait driver.get('https://ahmed-todo.netlify.app/login.html');\nawait driver.findElement(By.css('#loginEmail')).sendKeys('ahmed829b@gmail.com');\nawait driver.findElement(By.css('#loginPassword')).sendKeys('Mahmed3222');\nawait driver.findElement(By.css('#loginBtn')).click();\nawait driver.wait(until.urlIs('https://ahmed-todo.netlify.app/index.html'), 20000);",
              "err": {},
              "uuid": "b0cb4c6e-47a3-4e3b-9916-250e8e407526",
              "parentUUID": "829b0dc7-a7c2-4b98-b9e5-5e2b06e2f04b",
              "isHook": false,
              "skipped": false
            },
            {
              "title": "IT SHOULD ADD A TASK",
              "fullTitle": "To-do List Automation IT SHOULD ADD A TASK",
              "timedOut": false,
              "duration": 1099,
              "state": "passed",
              "speed": "slow",
              "pass": true,
              "fail": false,
              "pending": false,
              "context": null,
              "code": "await driver.get('https://ahmed-todo.netlify.app/index.html');\nawait driver.findElement(By.css('#new-task')).sendKeys('GO TO COLLEGE');\nawait driver.findElement(By.css('#addBtn')).click();",
              "err": {},
              "uuid": "9b1377ce-d664-4229-ae27-d46ebc1f60b6",
              "parentUUID": "829b0dc7-a7c2-4b98-b9e5-5e2b06e2f04b",
              "isHook": false,
              "skipped": false
            },
            {
              "title": "IT SHOULD CLICK ON A TASK AND MARK IT AS COMPLETE",
              "fullTitle": "To-do List Automation IT SHOULD CLICK ON A TASK AND MARK IT AS COMPLETE",
              "timedOut": false,
              "duration": 4452,
              "state": "passed",
              "speed": "slow",
              "pass": true,
              "fail": false,
              "pending": false,
              "context": null,
              "code": "await driver.get('https://ahmed-todo.netlify.app/index.html');\nawait driver.wait(until.elementsLocated(By.css('.task-text')), 10000);\nconst taskElements = await driver.findElements(By.css('.task-text'));\nif (taskElements.length > 0) {\n  const firstTaskElement = taskElements[0];\n  await firstTaskElement.click();\n} else {\n  throw new Error('No tasks found');\n}",
              "err": {},
              "uuid": "3faf3af3-2803-494f-8f04-21a4b627f6fb",
              "parentUUID": "829b0dc7-a7c2-4b98-b9e5-5e2b06e2f04b",
              "isHook": false,
              "skipped": false
            },
            {
              "title": "IT SHOULD DELETE A TASK",
              "fullTitle": "To-do List Automation IT SHOULD DELETE A TASK",
              "timedOut": false,
              "duration": 2439,
              "state": "passed",
              "speed": "slow",
              "pass": true,
              "fail": false,
              "pending": false,
              "context": null,
              "code": "await driver.get('https://ahmed-todo.netlify.app/index.html');\nawait driver.wait(until.elementsLocated(By.css('.task-text')), 10000);\nconst deleteButton = await driver.findElement(By.css('#delbutton'));\nawait deleteButton.click();",
              "err": {},
              "uuid": "7caa61af-87c4-4b6f-b3f4-ad2e14234afe",
              "parentUUID": "829b0dc7-a7c2-4b98-b9e5-5e2b06e2f04b",
              "isHook": false,
              "skipped": false
            },
            {
              "title": "IT SHOULD LOGOUT",
              "fullTitle": "To-do List Automation IT SHOULD LOGOUT",
              "timedOut": false,
              "duration": 1663,
              "state": "passed",
              "speed": "slow",
              "pass": true,
              "fail": false,
              "pending": false,
              "context": null,
              "code": "await driver.get('https://ahmed-todo.netlify.app/index.html');\nawait driver.findElement(By.css('#logout-btn')).click();",
              "err": {},
              "uuid": "216d9528-6f84-4243-8ec2-e9d44827c8d6",
              "parentUUID": "829b0dc7-a7c2-4b98-b9e5-5e2b06e2f04b",
              "isHook": false,
              "skipped": false
            }
          ],
          "suites": [],
          "passes": [
            "b0cb4c6e-47a3-4e3b-9916-250e8e407526",
            "9b1377ce-d664-4229-ae27-d46ebc1f60b6",
            "3faf3af3-2803-494f-8f04-21a4b627f6fb",
            "7caa61af-87c4-4b6f-b3f4-ad2e14234afe",
            "216d9528-6f84-4243-8ec2-e9d44827c8d6"
          ],
          "failures": [],
          "pending": [],
          "skipped": [],
          "duration": 24032,
          "root": false,
          "rootEmpty": false,
          "_timeout": 10000
        }
      ],
      "passes": [],
      "failures": [],
      "pending": [],
      "skipped": [],
      "duration": 0,
      "root": true,
      "rootEmpty": true,
      "_timeout": 10000
    }
  ],
  "meta": {
    "mocha": {
      "version": "10.4.0"
    },
    "mochawesome": {
      "options": {
        "quiet": false,
        "reportFilename": "mochawesome",
        "saveHtml": true,
        "saveJson": true,
        "consoleReporter": "spec",
        "useInlineDiffs": false,
        "code": true
      },
      "version": "7.1.3"
    },
    "marge": {
      "options": null,
      "version": "6.2.0"
    }
  }
}