{
  "stats": {
    "suites": 1,
    "tests": 5,
    "passes": 5,
    "pending": 0,
    "failures": 0,
    "start": "2024-04-30T07:02:20.327Z",
    "end": "2024-04-30T07:02:43.728Z",
    "duration": 23401,
    "testsRegistered": 5,
    "passPercent": 100,
    "pendingPercent": 0,
    "other": 0,
    "hasOther": false,
    "skipped": 0,
    "hasSkipped": false
  },
  "results": [
    {
      "uuid": "e7b31ea9-b7d3-4a4b-8df4-c62f2409782a",
      "title": "",
      "fullFile": "C:\\Users\\HANIA BATOOL\\TODO-AUTOMATION\\test\\testtodo.js",
      "file": "\\test\\testtodo.js",
      "beforeHooks": [],
      "afterHooks": [],
      "tests": [],
      "suites": [
        {
          "uuid": "796781b6-c905-4bda-b4f9-fb0e74ac895e",
          "title": "To-do List Automation",
          "fullFile": "C:\\Users\\HANIA BATOOL\\TODO-AUTOMATION\\test\\testtodo.js",
          "file": "\\test\\testtodo.js",
          "beforeHooks": [
            {
              "title": "\"before all\" hook in \"To-do List Automation\"",
              "fullTitle": "To-do List Automation \"before all\" hook in \"To-do List Automation\"",
              "timedOut": false,
              "duration": 9565,
              "state": null,
              "speed": null,
              "pass": false,
              "fail": false,
              "pending": false,
              "context": null,
              "code": "driver = await new Builder().forBrowser('chrome').build();",
              "err": {},
              "uuid": "55446a46-c8c9-4472-922f-257f63b8b70d",
              "parentUUID": "796781b6-c905-4bda-b4f9-fb0e74ac895e",
              "isHook": true,
              "skipped": false
            }
          ],
          "afterHooks": [
            {
              "title": "\"after all\" hook in \"To-do List Automation\"",
              "fullTitle": "To-do List Automation \"after all\" hook in \"To-do List Automation\"",
              "timedOut": false,
              "duration": 708,
              "state": null,
              "speed": null,
              "pass": false,
              "fail": false,
              "pending": false,
              "context": null,
              "code": "await driver.quit();",
              "err": {},
              "uuid": "fe513ffc-b22a-408d-914c-832237474a67",
              "parentUUID": "796781b6-c905-4bda-b4f9-fb0e74ac895e",
              "isHook": true,
              "skipped": false
            }
          ],
          "tests": [
            {
              "title": "SHOULD LOGIN",
              "fullTitle": "To-do List Automation SHOULD LOGIN",
              "timedOut": false,
              "duration": 6537,
              "state": "passed",
              "speed": "slow",
              "pass": true,
              "fail": false,
              "pending": false,
              "context": null,
              "code": "await driver.get('https://ahmed-todo.netlify.app/login.html');\nawait driver.findElement(By.css('#loginEmail')).sendKeys('ahmed829b@gmail.com');\nawait driver.findElement(By.css('#loginPassword')).sendKeys('Mahmed3222');\nawait driver.findElement(By.css('#loginBtn')).click();\nawait driver.wait(until.urlIs('https://ahmed-todo.netlify.app/index.html'), 20000);",
              "err": {},
              "uuid": "2024c31d-6ea2-423a-a639-500e3aa7c238",
              "parentUUID": "796781b6-c905-4bda-b4f9-fb0e74ac895e",
              "isHook": false,
              "skipped": false
            },
            {
              "title": "SHOULD ADD A TASK",
              "fullTitle": "To-do List Automation SHOULD ADD A TASK",
              "timedOut": false,
              "duration": 795,
              "state": "passed",
              "speed": "slow",
              "pass": true,
              "fail": false,
              "pending": false,
              "context": null,
              "code": "await driver.get('https://ahmed-todo.netlify.app/index.html');\nawait driver.findElement(By.css('#new-task')).sendKeys('GO TO COLLEGE');\nawait driver.findElement(By.css('#addBtn')).click();",
              "err": {},
              "uuid": "9d8e3a4b-fe1c-4267-a285-f76b66fda497",
              "parentUUID": "796781b6-c905-4bda-b4f9-fb0e74ac895e",
              "isHook": false,
              "skipped": false
            },
            {
              "title": "SHOULD CLICK ON A TASK AND MARK IT AS COMPLETE",
              "fullTitle": "To-do List Automation SHOULD CLICK ON A TASK AND MARK IT AS COMPLETE",
              "timedOut": false,
              "duration": 2782,
              "state": "passed",
              "speed": "slow",
              "pass": true,
              "fail": false,
              "pending": false,
              "context": null,
              "code": "await driver.get('https://ahmed-todo.netlify.app/index.html');\nawait driver.wait(until.elementsLocated(By.css('.task-text')), 10000);\nconst taskElements = await driver.findElements(By.css('.task-text'));\nif (taskElements.length > 0) {\n  const firstTaskElement = taskElements[0];\n  await firstTaskElement.click();\n} else {\n  throw new Error('No tasks found');\n}",
              "err": {},
              "uuid": "aeeb223b-7ad7-459d-827b-d1c721837e27",
              "parentUUID": "796781b6-c905-4bda-b4f9-fb0e74ac895e",
              "isHook": false,
              "skipped": false
            },
            {
              "title": "SHOULD DELETE A TASK",
              "fullTitle": "To-do List Automation SHOULD DELETE A TASK",
              "timedOut": false,
              "duration": 2027,
              "state": "passed",
              "speed": "slow",
              "pass": true,
              "fail": false,
              "pending": false,
              "context": null,
              "code": "await driver.get('https://ahmed-todo.netlify.app/index.html');\nawait driver.wait(until.elementsLocated(By.css('.task-text')), 10000);\nconst deleteButton = await driver.findElement(By.css('#delbutton'));\nawait deleteButton.click();",
              "err": {},
              "uuid": "ddd3d5b3-a408-4f6f-924b-7e9229297f7b",
              "parentUUID": "796781b6-c905-4bda-b4f9-fb0e74ac895e",
              "isHook": false,
              "skipped": false
            },
            {
              "title": "SHOULD LOGOUT",
              "fullTitle": "To-do List Automation SHOULD LOGOUT",
              "timedOut": false,
              "duration": 947,
              "state": "passed",
              "speed": "slow",
              "pass": true,
              "fail": false,
              "pending": false,
              "context": null,
              "code": "await driver.get('https://ahmed-todo.netlify.app/index.html');\nawait driver.findElement(By.css('#logout-btn')).click();",
              "err": {},
              "uuid": "26962158-0f13-49f0-b911-bdcb302917f9",
              "parentUUID": "796781b6-c905-4bda-b4f9-fb0e74ac895e",
              "isHook": false,
              "skipped": false
            }
          ],
          "suites": [],
          "passes": [
            "2024c31d-6ea2-423a-a639-500e3aa7c238",
            "9d8e3a4b-fe1c-4267-a285-f76b66fda497",
            "aeeb223b-7ad7-459d-827b-d1c721837e27",
            "ddd3d5b3-a408-4f6f-924b-7e9229297f7b",
            "26962158-0f13-49f0-b911-bdcb302917f9"
          ],
          "failures": [],
          "pending": [],
          "skipped": [],
          "duration": 13088,
          "root": false,
          "rootEmpty": false,
          "_timeout": 10000
        }
      ],
      "passes": [],
      "failures": [],
      "pending": [],
      "skipped": [],
      "duration": 0,
      "root": true,
      "rootEmpty": true,
      "_timeout": 10000
    }
  ],
  "meta": {
    "mocha": {
      "version": "10.4.0"
    },
    "mochawesome": {
      "options": {
        "quiet": false,
        "reportFilename": "mochawesome",
        "saveHtml": true,
        "saveJson": true,
        "consoleReporter": "spec",
        "useInlineDiffs": false,
        "code": true
      },
      "version": "7.1.3"
    },
    "marge": {
      "options": null,
      "version": "6.2.0"
    }
  }
}