{
  "stats": {
    "suites": 1,
    "tests": 5,
    "passes": 5,
    "pending": 0,
    "failures": 0,
    "start": "2024-05-04T07:56:55.602Z",
    "end": "2024-05-04T07:57:18.568Z",
    "duration": 22966,
    "testsRegistered": 5,
    "passPercent": 100,
    "pendingPercent": 0,
    "other": 0,
    "hasOther": false,
    "skipped": 0,
    "hasSkipped": false
  },
  "results": [
    {
      "uuid": "78e2b5b8-60e9-4701-8fb6-59990abc8421",
      "title": "",
      "fullFile": "C:\\Users\\HANIA BATOOL\\TODO-AUTOMATION\\test\\testtodo.js",
      "file": "\\test\\testtodo.js",
      "beforeHooks": [],
      "afterHooks": [],
      "tests": [],
      "suites": [
        {
          "uuid": "fd551e9c-65e2-495d-8957-e37a09d86800",
          "title": "To-do List Automation",
          "fullFile": "C:\\Users\\HANIA BATOOL\\TODO-AUTOMATION\\test\\testtodo.js",
          "file": "\\test\\testtodo.js",
          "beforeHooks": [
            {
              "title": "\"before all\" hook in \"To-do List Automation\"",
              "fullTitle": "To-do List Automation \"before all\" hook in \"To-do List Automation\"",
              "timedOut": false,
              "duration": 7498,
              "state": null,
              "speed": null,
              "pass": false,
              "fail": false,
              "pending": false,
              "context": null,
              "code": "driver = await new Builder().forBrowser('chrome').build();",
              "err": {},
              "uuid": "7a19f51d-494d-4928-8ffe-74019f7da17a",
              "parentUUID": "fd551e9c-65e2-495d-8957-e37a09d86800",
              "isHook": true,
              "skipped": false
            }
          ],
          "afterHooks": [
            {
              "title": "\"after all\" hook in \"To-do List Automation\"",
              "fullTitle": "To-do List Automation \"after all\" hook in \"To-do List Automation\"",
              "timedOut": false,
              "duration": 368,
              "state": null,
              "speed": null,
              "pass": false,
              "fail": false,
              "pending": false,
              "context": null,
              "code": "if (driver) {\n  try {\n    await driver.quit();\n  } catch (e) {\n    console.error('Error quitting WebDriver:', e);\n  }\n}",
              "err": {},
              "uuid": "2e694ad7-b1ea-4937-a381-a3c6b7b00314",
              "parentUUID": "fd551e9c-65e2-495d-8957-e37a09d86800",
              "isHook": true,
              "skipped": false
            }
          ],
          "tests": [
            {
              "title": "IT SHOULD LOGIN BY EMAIL AND PASSWORD",
              "fullTitle": "To-do List Automation IT SHOULD LOGIN BY EMAIL AND PASSWORD",
              "timedOut": false,
              "duration": 7517,
              "state": "passed",
              "speed": "slow",
              "pass": true,
              "fail": false,
              "pending": false,
              "context": null,
              "code": "this.timeout(20000);\nawait driver.get('https://ahmed-todo.netlify.app/login.html');\nawait driver.findElement(By.css('#loginEmail')).sendKeys('ahmed829b@gmail.com');\nawait driver.findElement(By.css('#loginPassword')).sendKeys('Mahmed3222');\nawait driver.findElement(By.css('#loginBtn')).click();\nawait driver.wait(until.urlIs('https://ahmed-todo.netlify.app/index.html'), 20000);",
              "err": {},
              "uuid": "6c5e709f-7cd7-41b3-b270-4d91aaaca84d",
              "parentUUID": "fd551e9c-65e2-495d-8957-e37a09d86800",
              "isHook": false,
              "skipped": false
            },
            {
              "title": "IT SHOULD ADD A TASK",
              "fullTitle": "To-do List Automation IT SHOULD ADD A TASK",
              "timedOut": false,
              "duration": 771,
              "state": "passed",
              "speed": "slow",
              "pass": true,
              "fail": false,
              "pending": false,
              "context": null,
              "code": "await driver.get('https://ahmed-todo.netlify.app/index.html');\nawait driver.findElement(By.css('#new-task')).sendKeys('GO TO COLLEGE');\nawait driver.findElement(By.css('#addBtn')).click();",
              "err": {},
              "uuid": "d7a5c526-94e9-4387-aac4-7688587b041e",
              "parentUUID": "fd551e9c-65e2-495d-8957-e37a09d86800",
              "isHook": false,
              "skipped": false
            },
            {
              "title": "IT SHOULD CLICK ON A TASK AND MARK IT AS COMPLETE",
              "fullTitle": "To-do List Automation IT SHOULD CLICK ON A TASK AND MARK IT AS COMPLETE",
              "timedOut": false,
              "duration": 3746,
              "state": "passed",
              "speed": "slow",
              "pass": true,
              "fail": false,
              "pending": false,
              "context": null,
              "code": "await driver.get('https://ahmed-todo.netlify.app/index.html');\nawait driver.wait(until.elementsLocated(By.css('.task-text')), 10000);\nconst taskElements = await driver.findElements(By.css('.task-text'));\nif (taskElements.length > 0) {\n  const firstTaskElement = taskElements[0];\n  await firstTaskElement.click();\n} else {\n  throw new Error('No tasks found');\n}",
              "err": {},
              "uuid": "2c35351e-010b-47c3-b242-784d0e059399",
              "parentUUID": "fd551e9c-65e2-495d-8957-e37a09d86800",
              "isHook": false,
              "skipped": false
            },
            {
              "title": "IT SHOULD DELETE A TASK",
              "fullTitle": "To-do List Automation IT SHOULD DELETE A TASK",
              "timedOut": false,
              "duration": 2065,
              "state": "passed",
              "speed": "slow",
              "pass": true,
              "fail": false,
              "pending": false,
              "context": null,
              "code": "await driver.get('https://ahmed-todo.netlify.app/index.html');\nawait driver.wait(until.elementsLocated(By.css('.task-text')), 10000);\nconst deleteButton = await driver.findElement(By.css('#delbutton'));\nawait deleteButton.click();",
              "err": {},
              "uuid": "cc977897-a22c-4890-b27b-d3237976bd88",
              "parentUUID": "fd551e9c-65e2-495d-8957-e37a09d86800",
              "isHook": false,
              "skipped": false
            },
            {
              "title": "IT SHOULD LOGOUT",
              "fullTitle": "To-do List Automation IT SHOULD LOGOUT",
              "timedOut": false,
              "duration": 965,
              "state": "passed",
              "speed": "slow",
              "pass": true,
              "fail": false,
              "pending": false,
              "context": null,
              "code": "await driver.get('https://ahmed-todo.netlify.app/index.html');\nawait driver.findElement(By.css('#logout-btn')).click();",
              "err": {},
              "uuid": "70104f5b-6553-4c09-9a02-da2fe646b980",
              "parentUUID": "fd551e9c-65e2-495d-8957-e37a09d86800",
              "isHook": false,
              "skipped": false
            }
          ],
          "suites": [],
          "passes": [
            "6c5e709f-7cd7-41b3-b270-4d91aaaca84d",
            "d7a5c526-94e9-4387-aac4-7688587b041e",
            "2c35351e-010b-47c3-b242-784d0e059399",
            "cc977897-a22c-4890-b27b-d3237976bd88",
            "70104f5b-6553-4c09-9a02-da2fe646b980"
          ],
          "failures": [],
          "pending": [],
          "skipped": [],
          "duration": 15064,
          "root": false,
          "rootEmpty": false,
          "_timeout": 10000
        }
      ],
      "passes": [],
      "failures": [],
      "pending": [],
      "skipped": [],
      "duration": 0,
      "root": true,
      "rootEmpty": true,
      "_timeout": 10000
    }
  ],
  "meta": {
    "mocha": {
      "version": "10.4.0"
    },
    "mochawesome": {
      "options": {
        "quiet": false,
        "reportFilename": "mochawesome",
        "saveHtml": true,
        "saveJson": true,
        "consoleReporter": "spec",
        "useInlineDiffs": false,
        "code": true
      },
      "version": "7.1.3"
    },
    "marge": {
      "options": null,
      "version": "6.2.0"
    }
  }
}