{
  "stats": {
    "suites": 1,
    "tests": 5,
    "passes": 5,
    "pending": 0,
    "failures": 0,
    "start": "2024-04-30T08:01:29.313Z",
    "end": "2024-04-30T08:01:48.715Z",
    "duration": 19402,
    "testsRegistered": 5,
    "passPercent": 100,
    "pendingPercent": 0,
    "other": 0,
    "hasOther": false,
    "skipped": 0,
    "hasSkipped": false
  },
  "results": [
    {
      "uuid": "fc14bbed-bde7-4822-a13a-17092672bbab",
      "title": "",
      "fullFile": "C:\\Users\\HANIA BATOOL\\TODO-AUTOMATION\\test\\testtodo.js",
      "file": "\\test\\testtodo.js",
      "beforeHooks": [],
      "afterHooks": [],
      "tests": [],
      "suites": [
        {
          "uuid": "f489c78b-0af1-4ba8-86b8-a34cdc9e5bb8",
          "title": "To-do List Automation",
          "fullFile": "C:\\Users\\HANIA BATOOL\\TODO-AUTOMATION\\test\\testtodo.js",
          "file": "\\test\\testtodo.js",
          "beforeHooks": [
            {
              "title": "\"before all\" hook in \"To-do List Automation\"",
              "fullTitle": "To-do List Automation \"before all\" hook in \"To-do List Automation\"",
              "timedOut": false,
              "duration": 3701,
              "state": null,
              "speed": null,
              "pass": false,
              "fail": false,
              "pending": false,
              "context": null,
              "code": "driver = await new Builder().forBrowser('chrome').build();",
              "err": {},
              "uuid": "27481569-01ec-46dc-9e47-8a57b785ff6b",
              "parentUUID": "f489c78b-0af1-4ba8-86b8-a34cdc9e5bb8",
              "isHook": true,
              "skipped": false
            }
          ],
          "afterHooks": [
            {
              "title": "\"after all\" hook in \"To-do List Automation\"",
              "fullTitle": "To-do List Automation \"after all\" hook in \"To-do List Automation\"",
              "timedOut": false,
              "duration": 758,
              "state": null,
              "speed": null,
              "pass": false,
              "fail": false,
              "pending": false,
              "context": null,
              "code": "if (driver) {\n  try {\n    await driver.quit();\n  } catch (e) {\n    console.error('Error quitting WebDriver:', e);\n  }\n}",
              "err": {},
              "uuid": "c016f737-7f9e-4354-8cdd-2683577bd259",
              "parentUUID": "f489c78b-0af1-4ba8-86b8-a34cdc9e5bb8",
              "isHook": true,
              "skipped": false
            }
          ],
          "tests": [
            {
              "title": "IT SHOULD LOGIN",
              "fullTitle": "To-do List Automation IT SHOULD LOGIN",
              "timedOut": false,
              "duration": 7809,
              "state": "passed",
              "speed": "slow",
              "pass": true,
              "fail": false,
              "pending": false,
              "context": null,
              "code": "this.timeout(20000);\nawait driver.get('https://ahmed-todo.netlify.app/login.html');\nawait driver.findElement(By.css('#loginEmail')).sendKeys('ahmed829b@gmail.com');\nawait driver.findElement(By.css('#loginPassword')).sendKeys('Mahmed3222');\nawait driver.findElement(By.css('#loginBtn')).click();\nawait driver.wait(until.urlIs('https://ahmed-todo.netlify.app/index.html'), 20000);",
              "err": {},
              "uuid": "dad433c0-3ee5-4241-9230-1d1c1055978c",
              "parentUUID": "f489c78b-0af1-4ba8-86b8-a34cdc9e5bb8",
              "isHook": false,
              "skipped": false
            },
            {
              "title": "IT SHOULD ADD A TASK",
              "fullTitle": "To-do List Automation IT SHOULD ADD A TASK",
              "timedOut": false,
              "duration": 992,
              "state": "passed",
              "speed": "slow",
              "pass": true,
              "fail": false,
              "pending": false,
              "context": null,
              "code": "await driver.get('https://ahmed-todo.netlify.app/index.html');\nawait driver.findElement(By.css('#new-task')).sendKeys('GO TO COLLEGE');\nawait driver.findElement(By.css('#addBtn')).click();",
              "err": {},
              "uuid": "f9d2c526-a632-4014-864c-1bfc37fd1ce4",
              "parentUUID": "f489c78b-0af1-4ba8-86b8-a34cdc9e5bb8",
              "isHook": false,
              "skipped": false
            },
            {
              "title": "IT SHOULD CLICK ON A TASK AND MARK IT AS COMPLETE",
              "fullTitle": "To-do List Automation IT SHOULD CLICK ON A TASK AND MARK IT AS COMPLETE",
              "timedOut": false,
              "duration": 3083,
              "state": "passed",
              "speed": "slow",
              "pass": true,
              "fail": false,
              "pending": false,
              "context": null,
              "code": "await driver.get('https://ahmed-todo.netlify.app/index.html');\nawait driver.wait(until.elementsLocated(By.css('.task-text')), 10000);\nconst taskElements = await driver.findElements(By.css('.task-text'));\nif (taskElements.length > 0) {\n  const firstTaskElement = taskElements[0];\n  await firstTaskElement.click();\n} else {\n  throw new Error('No tasks found');\n}",
              "err": {},
              "uuid": "376b55c5-3ace-48df-bbf1-357ff5e94078",
              "parentUUID": "f489c78b-0af1-4ba8-86b8-a34cdc9e5bb8",
              "isHook": false,
              "skipped": false
            },
            {
              "title": "IT SHOULD DELETE A TASK",
              "fullTitle": "To-do List Automation IT SHOULD DELETE A TASK",
              "timedOut": false,
              "duration": 1969,
              "state": "passed",
              "speed": "slow",
              "pass": true,
              "fail": false,
              "pending": false,
              "context": null,
              "code": "await driver.get('https://ahmed-todo.netlify.app/index.html');\nawait driver.wait(until.elementsLocated(By.css('.task-text')), 10000);\nconst deleteButton = await driver.findElement(By.css('#delbutton'));\nawait deleteButton.click();",
              "err": {},
              "uuid": "b0a70b00-c8b0-4d21-80c0-25cd56c47b84",
              "parentUUID": "f489c78b-0af1-4ba8-86b8-a34cdc9e5bb8",
              "isHook": false,
              "skipped": false
            },
            {
              "title": "IT SHOULD LOGOUT",
              "fullTitle": "To-do List Automation IT SHOULD LOGOUT",
              "timedOut": false,
              "duration": 1061,
              "state": "passed",
              "speed": "slow",
              "pass": true,
              "fail": false,
              "pending": false,
              "context": null,
              "code": "await driver.get('https://ahmed-todo.netlify.app/index.html');\nawait driver.findElement(By.css('#logout-btn')).click();",
              "err": {},
              "uuid": "ede70c5a-c3b9-4fe9-a52a-de2a322ca9e7",
              "parentUUID": "f489c78b-0af1-4ba8-86b8-a34cdc9e5bb8",
              "isHook": false,
              "skipped": false
            }
          ],
          "suites": [],
          "passes": [
            "dad433c0-3ee5-4241-9230-1d1c1055978c",
            "f9d2c526-a632-4014-864c-1bfc37fd1ce4",
            "376b55c5-3ace-48df-bbf1-357ff5e94078",
            "b0a70b00-c8b0-4d21-80c0-25cd56c47b84",
            "ede70c5a-c3b9-4fe9-a52a-de2a322ca9e7"
          ],
          "failures": [],
          "pending": [],
          "skipped": [],
          "duration": 14914,
          "root": false,
          "rootEmpty": false,
          "_timeout": 10000
        }
      ],
      "passes": [],
      "failures": [],
      "pending": [],
      "skipped": [],
      "duration": 0,
      "root": true,
      "rootEmpty": true,
      "_timeout": 10000
    }
  ],
  "meta": {
    "mocha": {
      "version": "10.4.0"
    },
    "mochawesome": {
      "options": {
        "quiet": false,
        "reportFilename": "mochawesome",
        "saveHtml": true,
        "saveJson": true,
        "consoleReporter": "spec",
        "useInlineDiffs": false,
        "code": true
      },
      "version": "7.1.3"
    },
    "marge": {
      "options": null,
      "version": "6.2.0"
    }
  }
}